[0mCompiling "target/expo/not-used.js" from ["src" "env/dev"]...[0m
[32mSuccessfully compiled "target/expo/not-used.js" in 0.67 seconds.[0m
notifying browser that file changed:  target/expo/goog/deps.js
notifying browser that file changed:  target/expo/cljs_deps.js
notifying browser that file changed:  target/expo/env/index.js
[0mCompiling "target/expo/not-used.js" from ["src" "env/dev"]...[0m
[32mSuccessfully compiled "target/expo/not-used.js" in 0.622 seconds.[0m
notifying browser that file changed:  target/expo/env/index.js
[0mCompiling "target/expo/not-used.js" from ["src" "env/dev"]...[0m
[32mSuccessfully compiled "target/expo/not-used.js" in 0.634 seconds.[0m
notifying browser that file changed:  target/expo/my_cool_mobile_app/core.js
[0mCompiling "target/expo/not-used.js" from ["src" "env/dev"]...[0m
[32mSuccessfully compiled "target/expo/not-used.js" in 1.364 seconds.[0m
notifying browser that file changed:  target/expo/env/index.js
[0mCompiling "target/expo/not-used.js" from ["src" "env/dev"]...[0m
[32mSuccessfully compiled "target/expo/not-used.js" in 0.457 seconds.[0m
notifying browser that file changed:  target/expo/env/index.js
notifying browser that file changed:  target/expo/my_cool_mobile_app/core.js
[0mCompiling "target/expo/not-used.js" from ["src" "env/dev"]...[0m
[32mSuccessfully compiled "target/expo/not-used.js" in 0.485 seconds.[0m
notifying browser that file changed:  target/expo/env/index.js
[0mCompiling "target/expo/not-used.js" from ["src" "env/dev"]...[0m
[32mSuccessfully compiled "target/expo/not-used.js" in 0.466 seconds.[0m
notifying browser that file changed:  target/expo/env/index.js
notifying browser that file changed:  target/expo/my_cool_mobile_app/core.js
[0mCompiling "target/expo/not-used.js" from ["src" "env/dev"]...[0m
[32mSuccessfully compiled "target/expo/not-used.js" in 0.539 seconds.[0m
notifying browser that file changed:  target/expo/env/index.js
notifying browser that file changed:  target/expo/my_cool_mobile_app/core.js
[0mCompiling "target/expo/not-used.js" from ["src" "env/dev"]...[0m
[32mSuccessfully compiled "target/expo/not-used.js" in 0.529 seconds.[0m
notifying browser that file changed:  target/expo/env/index.js
notifying browser that file changed:  target/expo/my_cool_mobile_app/core.js
[0mCompiling "target/expo/not-used.js" from ["src" "env/dev"]...[0m
[32mSuccessfully compiled "target/expo/not-used.js" in 0.479 seconds.[0m
notifying browser that file changed:  target/expo/my_cool_mobile_app/core.js
[0mCompiling "target/expo/not-used.js" from ["src" "env/dev"]...[0m
[32mSuccessfully compiled "target/expo/not-used.js" in 0.453 seconds.[0m
notifying browser that file changed:  target/expo/my_cool_mobile_app/core.js
[0mCompiling "target/expo/not-used.js" from ["src" "env/dev"]...[0m
[32mSuccessfully compiled "target/expo/not-used.js" in 0.565 seconds.[0m
notifying browser that file changed:  target/expo/env/index.js
[0mCompiling "target/expo/not-used.js" from ["src" "env/dev"]...[0m
[32mSuccessfully compiled "target/expo/not-used.js" in 0.504 seconds.[0m
notifying browser that file changed:  target/expo/env/index.js
[0mCompiling "target/expo/not-used.js" from ["src" "env/dev"]...[0m
[32mSuccessfully compiled "target/expo/not-used.js" in 0.488 seconds.[0m
notifying browser that file changed:  target/expo/env/index.js
notifying browser that file changed:  target/expo/my_cool_mobile_app/core.js
[0mCompiling "target/expo/not-used.js" from ["src" "env/dev"]...[0m
[32mSuccessfully compiled "target/expo/not-used.js" in 0.49 seconds.[0m
notifying browser that file changed:  target/expo/env/index.js
notifying browser that file changed:  target/expo/my_cool_mobile_app/core.js
[0mCompiling "target/expo/not-used.js" from ["src" "env/dev"]...[0m
[32mSuccessfully compiled "target/expo/not-used.js" in 0.532 seconds.[0m
notifying browser that file changed:  target/expo/env/index.js
notifying browser that file changed:  target/expo/my_cool_mobile_app/core.js
[0mCompiling "target/expo/not-used.js" from ["src" "env/dev"]...[0m
[32mSuccessfully compiled "target/expo/not-used.js" in 0.473 seconds.[0m
notifying browser that file changed:  target/expo/my_cool_mobile_app/core.js
[0mCompiling "target/expo/not-used.js" from ["src" "env/dev"]...[0m
[32mSuccessfully compiled "target/expo/not-used.js" in 0.452 seconds.[0m
notifying browser that file changed:  target/expo/my_cool_mobile_app/core.js
[0mCompiling "target/expo/not-used.js" from ["src" "env/dev"]...[0m
[32mSuccessfully compiled "target/expo/not-used.js" in 1.408 seconds.[0m
notifying browser that file changed:  target/expo/my_cool_mobile_app/core.js
[0mCompiling "target/expo/not-used.js" from ["src" "env/dev"]...[0m
[32mSuccessfully compiled "target/expo/not-used.js" in 0.655 seconds.[0m
notifying browser that file changed:  target/expo/my_cool_mobile_app/core.js
[0mCompiling "target/expo/not-used.js" from ["src" "env/dev"]...[0m
[32mSuccessfully compiled "target/expo/not-used.js" in 0.605 seconds.[0m
notifying browser that file changed:  target/expo/env/index.js
notifying browser that file changed:  target/expo/my_cool_mobile_app/core.js
[0mCompiling "target/expo/not-used.js" from ["src" "env/dev"]...[0m
[32mSuccessfully compiled "target/expo/not-used.js" in 0.589 seconds.[0m
notifying browser that file changed:  target/expo/env/index.js
notifying browser that file changed:  target/expo/my_cool_mobile_app/core.js
[0mCompiling "target/expo/not-used.js" from ["src" "env/dev"]...[0m
[32mSuccessfully compiled "target/expo/not-used.js" in 0.577 seconds.[0m
notifying browser that file changed:  target/expo/my_cool_mobile_app/core.js
[0mCompiling "target/expo/not-used.js" from ["src" "env/dev"]...[0m
[32mSuccessfully compiled "target/expo/not-used.js" in 0.687 seconds.[0m
notifying browser that file changed:  target/expo/env/index.js
notifying browser that file changed:  target/expo/my_cool_mobile_app/core.js
[0mCompiling "target/expo/not-used.js" from ["src" "env/dev"]...[0m
[32mSuccessfully compiled "target/expo/not-used.js" in 0.592 seconds.[0m
notifying browser that file changed:  target/expo/env/index.js
notifying browser that file changed:  target/expo/my_cool_mobile_app/core.js
[0mCompiling "target/expo/not-used.js" from ["src" "env/dev"]...[0m
[32mSuccessfully compiled "target/expo/not-used.js" in 0.575 seconds.[0m
notifying browser that file changed:  target/expo/env/index.js
notifying browser that file changed:  target/expo/my_cool_mobile_app/core.js
[0mCompiling "target/expo/not-used.js" from ["src" "env/dev"]...[0m
[32mSuccessfully compiled "target/expo/not-used.js" in 0.583 seconds.[0m
notifying browser that file changed:  target/expo/env/index.js
notifying browser that file changed:  target/expo/my_cool_mobile_app/core.js
[0mCompiling "target/expo/not-used.js" from ["src" "env/dev"]...[0m
[32mSuccessfully compiled "target/expo/not-used.js" in 0.592 seconds.[0m
notifying browser that file changed:  target/expo/env/index.js
notifying browser that file changed:  target/expo/my_cool_mobile_app/core.js
[0mCompiling "target/expo/not-used.js" from ["src" "env/dev"]...[0m
[32mSuccessfully compiled "target/expo/not-used.js" in 0.577 seconds.[0m
notifying browser that file changed:  target/expo/env/index.js
notifying browser that file changed:  target/expo/my_cool_mobile_app/core.js
[0mCompiling "target/expo/not-used.js" from ["src" "env/dev"]...[0m
[32mSuccessfully compiled "target/expo/not-used.js" in 0.605 seconds.[0m
notifying browser that file changed:  target/expo/my_cool_mobile_app/core.js
[0mCompiling "target/expo/not-used.js" from ["src" "env/dev"]...[0m
[32mSuccessfully compiled "target/expo/not-used.js" in 0.592 seconds.[0m
notifying browser that file changed:  target/expo/my_cool_mobile_app/core.js
[0mCompiling "target/expo/not-used.js" from ["src" "env/dev"]...[0m
[32mSuccessfully compiled "target/expo/not-used.js" in 0.568 seconds.[0m
notifying browser that file changed:  target/expo/my_cool_mobile_app/core.js
